<?xml version="1.0" encoding="UTF-8"?>
<testsuite xmlns:xsi="http://www.w3.org/2001/XMLSchema-instance" xsi:noNamespaceSchemaLocation="https://maven.apache.org/surefire/maven-surefire-plugin/xsd/surefire-test-report-3.0.xsd" version="3.0" name="unlp.info.bd2.ToursApplicationTests" time="3.905" tests="1" errors="0" skipped="0" failures="1">
  <properties>
[...]
</properties>
  <testcase name="deleteUserTest" classname="unlp.info.bd2.ToursApplicationTests" time="0.537">
    <failure message="expected: &lt;true&gt; but was: &lt;false&gt;" type="org.opentest4j.AssertionFailedError"><![CDATA[org.opentest4j.AssertionFailedError: expected: <true> but was: <false>
	at org.junit.jupiter.api.AssertionFailureBuilder.build(AssertionFailureBuilder.java:151)
	at org.junit.jupiter.api.AssertionFailureBuilder.buildAndThrow(AssertionFailureBuilder.java:132)
	at org.junit.jupiter.api.AssertTrue.failNotTrue(AssertTrue.java:63)
	at org.junit.jupiter.api.AssertTrue.assertTrue(AssertTrue.java:36)
	at org.junit.jupiter.api.AssertTrue.assertTrue(AssertTrue.java:31)
	at org.junit.jupiter.api.Assertions.assertTrue(Assertions.java:183)
	at unlp.info.bd2.ToursApplicationTests.deleteUserTest(ToursApplicationTests.java:326)
	at java.base/java.lang.reflect.Method.invoke(Method.java:569)
	at java.base/java.util.ArrayList.forEach(ArrayList.java:1511)
	at java.base/java.util.ArrayList.forEach(ArrayList.java:1511)
]]></failure>
    <system-out><![CDATA[13:47:04.365 [main] INFO org.springframework.test.context.support.AnnotationConfigContextLoaderUtils -- Could not detect default configuration classes for test class [unlp.info.bd2.ToursApplicationTests]: ToursApplicationTests does not declare any static, non-private, non-final, nested classes annotated with @Configuration.
13:47:04.433 [main] INFO org.springframework.boot.test.context.SpringBootTestContextBootstrapper -- Found @SpringBootConfiguration unlp.info.bd2.TrabajoPractico2026Application for test class unlp.info.bd2.ToursApplicationTests

  .   ____          _            __ _ _
 /\\ / ___'_ __ _ _(_)_ __  __ _ \ \ \ \
( ( )\___ | '_ | '_| | '_ \/ _` | \ \ \ \
 \\/  ___)| |_)| | | | | || (_| |  ) ) ) )
  '  |____| .__|_| |_|_| |_\__, | / / / /
 =========|_|==============|___/=/_/_/_/
 :: Spring Boot ::                (v3.2.3)

2026-04-27T13:47:04.707-03:00  INFO 156033 --- [           main] unlp.info.bd2.ToursApplicationTests      : Starting ToursApplicationTests using Java 17.0.18 with PID 156033 (started by ayrton in /home/ayrton/facultad/bases de datos 2/practica/tp2)
2026-04-27T13:47:04.708-03:00  INFO 156033 --- [           main] unlp.info.bd2.ToursApplicationTests      : No active profile set, falling back to 1 default profile: "default"
2026-04-27T13:47:04.950-03:00  INFO 156033 --- [           main] .s.d.r.c.RepositoryConfigurationDelegate : Bootstrapping Spring Data JPA repositories in DEFAULT mode.
2026-04-27T13:47:04.994-03:00  INFO 156033 --- [           main] .s.d.r.c.RepositoryConfigurationDelegate : Finished Spring Data repository scanning in 39 ms. Found 7 JPA repository interfaces.
2026-04-27T13:47:05.311-03:00  INFO 156033 --- [           main] o.hibernate.jpa.internal.util.LogHelper  : HHH000204: Processing PersistenceUnitInfo [name: default]
2026-04-27T13:47:05.352-03:00  INFO 156033 --- [           main] org.hibernate.Version                    : HHH000412: Hibernate ORM core version 6.4.4.Final
2026-04-27T13:47:05.384-03:00  INFO 156033 --- [           main] o.h.c.internal.RegionFactoryInitiator    : HHH000026: Second-level cache disabled
2026-04-27T13:47:05.571-03:00  INFO 156033 --- [           main] o.s.o.j.p.SpringPersistenceUnitInfo      : No LoadTimeWeaver setup: ignoring JPA class transformer
2026-04-27T13:47:05.592-03:00  INFO 156033 --- [           main] com.zaxxer.hikari.HikariDataSource       : HikariPool-1 - Starting...
2026-04-27T13:47:05.871-03:00  INFO 156033 --- [           main] com.zaxxer.hikari.pool.HikariPool        : HikariPool-1 - Added connection com.mysql.cj.jdbc.ConnectionImpl@3c33fcf8
2026-04-27T13:47:05.872-03:00  INFO 156033 --- [           main] com.zaxxer.hikari.HikariDataSource       : HikariPool-1 - Start completed.
2026-04-27T13:47:05.926-03:00  WARN 156033 --- [           main] org.hibernate.orm.deprecation            : HHH90000025: MySQL8Dialect does not need to be specified explicitly using 'hibernate.dialect' (remove the property setting and it will be selected by default)
2026-04-27T13:47:05.927-03:00  WARN 156033 --- [           main] org.hibernate.orm.deprecation            : HHH90000026: MySQL8Dialect has been deprecated; use org.hibernate.dialect.MySQLDialect instead
2026-04-27T13:47:06.687-03:00  INFO 156033 --- [           main] o.h.e.t.j.p.i.JtaPlatformInitiator       : HHH000489: No JTA platform available (set 'hibernate.transaction.jta.platform' to enable JTA platform integration)
2026-04-27T13:47:06.782-03:00  INFO 156033 --- [           main] j.LocalContainerEntityManagerFactoryBean : Initialized JPA EntityManagerFactory for persistence unit 'default'
2026-04-27T13:47:07.055-03:00  INFO 156033 --- [           main] o.s.d.j.r.query.QueryEnhancerFactory     : Hibernate is in classpath; If applicable, HQL parser will be used.
2026-04-27T13:47:07.617-03:00  INFO 156033 --- [           main] unlp.info.bd2.ToursApplicationTests      : Started ToursApplicationTests in 3.084 seconds (process running for 3.688)
Hibernate: 
    select
        next_val as id_val 
    from
        user_seq for update
Hibernate: 
    update
        user_seq 
    set
        next_val= ? 
    where
        next_val=?
Hibernate: 
    insert 
    into
        user
        (active, birthdate, email, name, password, phone_number, username, user_type, id) 
    values
        (?, ?, ?, ?, ?, ?, ?, 'USER', ?)
Hibernate: 
    UPDATE
        user 
    SET
        active = false 
    WHERE
        id = ?
Hibernate: 
    select
        u1_0.id,
        u1_0.user_type,
        u1_0.active,
        u1_0.birthdate,
        u1_0.email,
        u1_0.name,
        u1_0.password,
        u1_0.phone_number,
        u1_0.username,
        u1_0.expedient,
        u1_0.education 
    from
        user u1_0 
    where
        (
            u1_0.active = 1
        ) 
        and u1_0.username=? 
        and u1_0.active
Hibernate: 
    insert 
    into
        user
        (active, birthdate, email, name, password, phone_number, username, user_type, id) 
    values
        (?, ?, ?, ?, ?, ?, ?, 'USER', ?)
Hibernate: 
    select
        next_val as id_val 
    from
        stop_seq for update
Hibernate: 
    update
        stop_seq 
    set
        next_val= ? 
    where
        next_val=?
Hibernate: 
    select
        next_val as id_val 
    from
        route_seq for update
Hibernate: 
    update
        route_seq 
    set
        next_val= ? 
    where
        next_val=?
Hibernate: 
    select
        next_val as id_val 
    from
        purchase_seq for update
Hibernate: 
    update
        purchase_seq 
    set
        next_val= ? 
    where
        next_val=?
Hibernate: 
    insert 
    into
        stop
        (description, name, id) 
    values
        (?, ?, ?)
Hibernate: 
    insert 
    into
        stop
        (description, name, id) 
    values
        (?, ?, ?)
Hibernate: 
    insert 
    into
        stop
        (description, name, id) 
    values
        (?, ?, ?)
Hibernate: 
    insert 
    into
        route
        (max_number_users, name, price, total_km, id) 
    values
        (?, ?, ?, ?, ?)
Hibernate: 
    insert 
    into
        purchase
        (code, date, review_id, route_id, total_price, user_id, id) 
    values
        (?, ?, ?, ?, ?, ?, ?)
Hibernate: 
    update
        user 
    set
        active=?,
        birthdate=?,
        email=?,
        name=?,
        password=?,
        phone_number=? 
    where
        id=?
Hibernate: 
    insert 
    into
        route_stops
        (route_id, stop_id) 
    values
        (?, ?)
Hibernate: 
    insert 
    into
        route_stops
        (route_id, stop_id) 
    values
        (?, ?)
Hibernate: 
    insert 
    into
        route_stops
        (route_id, stop_id) 
    values
        (?, ?)
Hibernate: 
    select
        u1_0.id,
        u1_0.user_type,
        u1_0.active,
        u1_0.birthdate,
        u1_0.email,
        u1_0.name,
        u1_0.password,
        u1_0.phone_number,
        u1_0.username,
        u1_0.expedient,
        u1_0.education 
    from
        user u1_0 
    where
        (
            u1_0.active = 1
        ) 
        and u1_0.username=? 
        and u1_0.active
]]></system-out>
  </testcase>
</testsuite>