<?xml version="1.0" encoding="UTF-8"?>
<testsuite xmlns:xsi="http://www.w3.org/2001/XMLSchema-instance" xsi:noNamespaceSchemaLocation="https://maven.apache.org/surefire/maven-surefire-plugin/xsd/surefire-test-report-3.0.xsd" version="3.0" name="unlp.info.bd2.ToursQuerysTests" time="4.715" tests="11" errors="0" skipped="0" failures="0">
  <properties>
[...]
</properties>
  <testcase name="getAllPurchasesOfUsernameTest" classname="unlp.info.bd2.ToursQuerysTests" time="0.417">
    <system-out><![CDATA[13:19:12.467 [main] INFO org.springframework.test.context.support.AnnotationConfigContextLoaderUtils -- Could not detect default configuration classes for test class [unlp.info.bd2.ToursQuerysTests]: ToursQuerysTests does not declare any static, non-private, non-final, nested classes annotated with @Configuration.
13:19:12.545 [main] INFO org.springframework.boot.test.context.SpringBootTestContextBootstrapper -- Found @SpringBootConfiguration unlp.info.bd2.TrabajoPractico2026Application for test class unlp.info.bd2.ToursQuerysTests

  .   ____          _            __ _ _
 /\\ / ___'_ __ _ _(_)_ __  __ _ \ \ \ \
( ( )\___ | '_ | '_| | '_ \/ _` | \ \ \ \
 \\/  ___)| |_)| | | | | || (_| |  ) ) ) )
  '  |____| .__|_| |_|_| |_\__, | / / / /
 =========|_|==============|___/=/_/_/_/
 :: Spring Boot ::                (v3.2.3)

2026-04-27T13:19:12.824-03:00  INFO 134208 --- [           main] unlp.info.bd2.ToursQuerysTests           : Starting ToursQuerysTests using Java 17.0.18 with PID 134208 (started by ayrton in /home/ayrton/facultad/bases de datos 2/practica/tp2)
2026-04-27T13:19:12.825-03:00  INFO 134208 --- [           main] unlp.info.bd2.ToursQuerysTests           : No active profile set, falling back to 1 default profile: "default"
2026-04-27T13:19:13.085-03:00  INFO 134208 --- [           main] .s.d.r.c.RepositoryConfigurationDelegate : Bootstrapping Spring Data JPA repositories in DEFAULT mode.
2026-04-27T13:19:13.150-03:00  INFO 134208 --- [           main] .s.d.r.c.RepositoryConfigurationDelegate : Finished Spring Data repository scanning in 59 ms. Found 7 JPA repository interfaces.
2026-04-27T13:19:13.465-03:00  INFO 134208 --- [           main] o.hibernate.jpa.internal.util.LogHelper  : HHH000204: Processing PersistenceUnitInfo [name: default]
2026-04-27T13:19:13.503-03:00  INFO 134208 --- [           main] org.hibernate.Version                    : HHH000412: Hibernate ORM core version 6.4.4.Final
2026-04-27T13:19:13.534-03:00  INFO 134208 --- [           main] o.h.c.internal.RegionFactoryInitiator    : HHH000026: Second-level cache disabled
2026-04-27T13:19:13.709-03:00  INFO 134208 --- [           main] o.s.o.j.p.SpringPersistenceUnitInfo      : No LoadTimeWeaver setup: ignoring JPA class transformer
2026-04-27T13:19:13.725-03:00  INFO 134208 --- [           main] com.zaxxer.hikari.HikariDataSource       : HikariPool-1 - Starting...
2026-04-27T13:19:13.963-03:00  INFO 134208 --- [           main] com.zaxxer.hikari.pool.HikariPool        : HikariPool-1 - Added connection com.mysql.cj.jdbc.ConnectionImpl@2ec85a25
2026-04-27T13:19:13.964-03:00  INFO 134208 --- [           main] com.zaxxer.hikari.HikariDataSource       : HikariPool-1 - Start completed.
2026-04-27T13:19:13.999-03:00  WARN 134208 --- [           main] org.hibernate.orm.deprecation            : HHH90000025: MySQL8Dialect does not need to be specified explicitly using 'hibernate.dialect' (remove the property setting and it will be selected by default)
2026-04-27T13:19:14.000-03:00  WARN 134208 --- [           main] org.hibernate.orm.deprecation            : HHH90000026: MySQL8Dialect has been deprecated; use org.hibernate.dialect.MySQLDialect instead
2026-04-27T13:19:14.751-03:00  INFO 134208 --- [           main] o.h.e.t.j.p.i.JtaPlatformInitiator       : HHH000489: No JTA platform available (set 'hibernate.transaction.jta.platform' to enable JTA platform integration)
Hibernate: 
    create table item_service_seq (
        next_val bigint
    ) engine=InnoDB
Hibernate: 
    insert into item_service_seq values ( 1 )
Hibernate: 
    create table item_service (
        id bigint not null,
        quantity integer not null,
        purchase_id bigint not null,
        service_id bigint not null,
        primary key (id)
    ) engine=InnoDB
Hibernate: 
    create table purchase (
        id bigint not null,
        code varchar(255) not null,
        date datetime(6) not null,
        total_price float(23) not null,
        review_id bigint,
        route_id bigint not null,
        user_id bigint not null,
        primary key (id)
    ) engine=InnoDB
Hibernate: 
    create table purchase_seq (
        next_val bigint
    ) engine=InnoDB
Hibernate: 
    insert into purchase_seq values ( 1 )
Hibernate: 
    create table review (
        id bigint not null auto_increment,
        comment varchar(255),
        rating integer not null,
        primary key (id)
    ) engine=InnoDB
Hibernate: 
    create table route (
        id bigint not null,
        max_number_users integer not null,
        name varchar(255) not null,
        price float(23) not null,
        total_km float(23) not null,
        primary key (id)
    ) engine=InnoDB
Hibernate: 
    create table route_driver (
        route_id bigint not null,
        driver_id bigint not null
    ) engine=InnoDB
Hibernate: 
    create table route_guide (
        route_id bigint not null,
        guide_id bigint not null
    ) engine=InnoDB
Hibernate: 
    create table route_seq (
        next_val bigint
    ) engine=InnoDB
Hibernate: 
    insert into route_seq values ( 1 )
Hibernate: 
    create table route_stops (
        route_id bigint not null,
        stop_id bigint not null
    ) engine=InnoDB
Hibernate: 
    create table service (
        id bigint not null,
        description varchar(255),
        name varchar(100) not null,
        price float(23) not null,
        supplier_id bigint not null,
        primary key (id)
    ) engine=InnoDB
Hibernate: 
    create table service_seq (
        next_val bigint
    ) engine=InnoDB
Hibernate: 
    insert into service_seq values ( 1 )
Hibernate: 
    create table stop (
        id bigint not null,
        description varchar(255),
        name varchar(255) not null,
        primary key (id)
    ) engine=InnoDB
Hibernate: 
    create table stop_seq (
        next_val bigint
    ) engine=InnoDB
Hibernate: 
    insert into stop_seq values ( 1 )
Hibernate: 
    create table supplier (
        id bigint not null,
        authorization_number varchar(255) not null,
        business_name varchar(255) not null,
        primary key (id)
    ) engine=InnoDB
Hibernate: 
    create table supplier_seq (
        next_val bigint
    ) engine=InnoDB
Hibernate: 
    insert into supplier_seq values ( 1 )
Hibernate: 
    create table user (
        user_type varchar(31) not null,
        id bigint not null,
        active bit not null,
        birthdate datetime(6) not null,
        email varchar(255) not null,
        name varchar(255) not null,
        password varchar(255) not null,
        phone_number varchar(255) not null,
        username varchar(255) not null,
        expedient varchar(255),
        education varchar(255),
        primary key (id)
    ) engine=InnoDB
Hibernate: 
    create table user_seq (
        next_val bigint
    ) engine=InnoDB
Hibernate: 
    insert into user_seq values ( 1 )
Hibernate: 
    alter table purchase 
       drop index UK_2pwvqbnxy6v5c0y1baow5by8t
Hibernate: 
    alter table purchase 
       add constraint UK_2pwvqbnxy6v5c0y1baow5by8t unique (code)
Hibernate: 
    alter table purchase 
       drop index UK_ie138qwsq48bxneekkelgyh8s
Hibernate: 
    alter table purchase 
       add constraint UK_ie138qwsq48bxneekkelgyh8s unique (review_id)
Hibernate: 
    alter table supplier 
       drop index UK_7pwsolddfi4k38nbaet2oj6em
Hibernate: 
    alter table supplier 
       add constraint UK_7pwsolddfi4k38nbaet2oj6em unique (authorization_number)
Hibernate: 
    alter table user 
       drop index UK_sb8bbouer5wak8vyiiy4pf2bx
Hibernate: 
    alter table user 
       add constraint UK_sb8bbouer5wak8vyiiy4pf2bx unique (username)
Hibernate: 
    alter table item_service 
       add constraint FKdh9103thuolwgnjo1a3t6jncg 
       foreign key (purchase_id) 
       references purchase (id)
Hibernate: 
    alter table item_service 
       add constraint FKt5qirumhx1spku2rbcivyyylr 
       foreign key (service_id) 
       references service (id)
Hibernate: 
    alter table purchase 
       add constraint FKqujwkdkflxpnkilh16sqo9g7k 
       foreign key (review_id) 
       references review (id)
Hibernate: 
    alter table purchase 
       add constraint FKlcpdjfiob46rcasubm36h5386 
       foreign key (route_id) 
       references route (id)
Hibernate: 
    alter table purchase 
       add constraint FK86i0stm7cqsglqptdvjij1k3m 
       foreign key (user_id) 
       references user (id)
Hibernate: 
    alter table route_driver 
       add constraint FKkbry22bkki78b6rfnvnqn9wyp 
       foreign key (driver_id) 
       references user (id)
Hibernate: 
    alter table route_driver 
       add constraint FK7hlkkl6wpy9yt033oaswm3sh6 
       foreign key (route_id) 
       references route (id)
Hibernate: 
    alter table route_guide 
       add constraint FKixupsaoogqv1m1i1bkwtqs3ov 
       foreign key (guide_id) 
       references user (id)
Hibernate: 
    alter table route_guide 
       add constraint FK8iet1egsdaasjck9xeonb1px 
       foreign key (route_id) 
       references route (id)
Hibernate: 
    alter table route_stops 
       add constraint FKt39ig7tr7ivf7rm1m4oayxg20 
       foreign key (stop_id) 
       references stop (id)
Hibernate: 
    alter table route_stops 
       add constraint FK55adl4d28acnufp33f7ompmy0 
       foreign key (route_id) 
       references route (id)
Hibernate: 
    alter table service 
       add constraint FK7e25rr8xu6adyi4gh3ieifp5c 
       foreign key (supplier_id) 
       references supplier (id)
2026-04-27T13:19:15.300-03:00  INFO 134208 --- [           main] j.LocalContainerEntityManagerFactoryBean : Initialized JPA EntityManagerFactory for persistence unit 'default'
2026-04-27T13:19:15.568-03:00  INFO 134208 --- [           main] o.s.d.j.r.query.QueryEnhancerFactory     : Hibernate is in classpath; If applicable, HQL parser will be used.
2026-04-27T13:19:16.138-03:00  INFO 134208 --- [           main] unlp.info.bd2.ToursQuerysTests           : Started ToursQuerysTests in 3.502 seconds (process running for 4.161)
Hibernate: 
    select
        next_val as id_val 
    from
        supplier_seq for update
Hibernate: 
    update
        supplier_seq 
    set
        next_val= ? 
    where
        next_val=?
Hibernate: 
    insert 
    into
        supplier
        (authorization_number, business_name, id) 
    values
        (?, ?, ?)
Hibernate: 
    select
        next_val as id_val 
    from
        supplier_seq for update
Hibernate: 
    update
        supplier_seq 
    set
        next_val= ? 
    where
        next_val=?
Hibernate: 
    insert 
    into
        supplier
        (authorization_number, business_name, id) 
    values
        (?, ?, ?)
Hibernate: 
    insert 
    into
        supplier
        (authorization_number, business_name, id) 
    values
        (?, ?, ?)
Hibernate: 
    insert 
    into
        supplier
        (authorization_number, business_name, id) 
    values
        (?, ?, ?)
Hibernate: 
    insert 
    into
        supplier
        (authorization_number, business_name, id) 
    values
        (?, ?, ?)
Hibernate: 
    select
        next_val as id_val 
    from
        service_seq for update
Hibernate: 
    update
        service_seq 
    set
        next_val= ? 
    where
        next_val=?
Hibernate: 
    select
        next_val as id_val 
    from
        service_seq for update
Hibernate: 
    update
        service_seq 
    set
        next_val= ? 
    where
        next_val=?
Hibernate: 
    select
        next_val as id_val 
    from
        stop_seq for update
Hibernate: 
    update
        stop_seq 
    set
        next_val= ? 
    where
        next_val=?
Hibernate: 
    select
        next_val as id_val 
    from
        stop_seq for update
Hibernate: 
    update
        stop_seq 
    set
        next_val= ? 
    where
        next_val=?
Hibernate: 
    select
        next_val as id_val 
    from
        user_seq for update
Hibernate: 
    update
        user_seq 
    set
        next_val= ? 
    where
        next_val=?
Hibernate: 
    insert 
    into
        service
        (description, name, price, supplier_id, id) 
    values
        (?, ?, ?, ?, ?)
Hibernate: 
    insert 
    into
        service
        (description, name, price, supplier_id, id) 
    values
        (?, ?, ?, ?, ?)
Hibernate: 
    insert 
    into
        service
        (description, name, price, supplier_id, id) 
    values
        (?, ?, ?, ?, ?)
Hibernate: 
    insert 
    into
        service
        (description, name, price, supplier_id, id) 
    values
        (?, ?, ?, ?, ?)
Hibernate: 
    insert 
    into
        service
        (description, name, price, supplier_id, id) 
    values
        (?, ?, ?, ?, ?)
Hibernate: 
    insert 
    into
        service
        (description, name, price, supplier_id, id) 
    values
        (?, ?, ?, ?, ?)
Hibernate: 
    insert 
    into
        service
        (description, name, price, supplier_id, id) 
    values
        (?, ?, ?, ?, ?)
Hibernate: 
    insert 
    into
        service
        (description, name, price, supplier_id, id) 
    values
        (?, ?, ?, ?, ?)
Hibernate: 
    insert 
    into
        service
        (description, name, price, supplier_id, id) 
    values
        (?, ?, ?, ?, ?)
Hibernate: 
    insert 
    into
        service
        (description, name, price, supplier_id, id) 
    values
        (?, ?, ?, ?, ?)
Hibernate: 
    insert 
    into
        stop
        (description, name, id) 
    values
        (?, ?, ?)
Hibernate: 
    insert 
    into
        stop
        (description, name, id) 
    values
        (?, ?, ?)
Hibernate: 
    insert 
    into
        stop
        (description, name, id) 
    values
        (?, ?, ?)
Hibernate: 
    insert 
    into
        stop
        (description, name, id) 
    values
        (?, ?, ?)
Hibernate: 
    insert 
    into
        stop
        (description, name, id) 
    values
        (?, ?, ?)
Hibernate: 
    insert 
    into
        stop
        (description, name, id) 
    values
        (?, ?, ?)
Hibernate: 
    insert 
    into
        stop
        (description, name, id) 
    values
        (?, ?, ?)
Hibernate: 
    insert 
    into
        stop
        (description, name, id) 
    values
        (?, ?, ?)
Hibernate: 
    insert 
    into
        stop
        (description, name, id) 
    values
        (?, ?, ?)
Hibernate: 
    insert 
    into
        stop
        (description, name, id) 
    values
        (?, ?, ?)
Hibernate: 
    insert 
    into
        stop
        (description, name, id) 
    values
        (?, ?, ?)
Hibernate: 
    insert 
    into
        stop
        (description, name, id) 
    values
        (?, ?, ?)
Hibernate: 
    insert 
    into
        stop
        (description, name, id) 
    values
        (?, ?, ?)
Hibernate: 
    insert 
    into
        stop
        (description, name, id) 
    values
        (?, ?, ?)
Hibernate: 
    insert 
    into
        stop
        (description, name, id) 
    values
        (?, ?, ?)
Hibernate: 
    insert 
    into
        stop
        (description, name, id) 
    values
        (?, ?, ?)
Hibernate: 
    insert 
    into
        stop
        (description, name, id) 
    values
        (?, ?, ?)
Hibernate: 
    insert 
    into
        stop
        (description, name, id) 
    values
        (?, ?, ?)
Hibernate: 
    insert 
    into
        stop
        (description, name, id) 
    values
        (?, ?, ?)
Hibernate: 
    insert 
    into
        stop
        (description, name, id) 
    values
        (?, ?, ?)
Hibernate: 
    insert 
    into
        user
        (active, birthdate, email, name, password, phone_number, username, user_type, id) 
    values
        (?, ?, ?, ?, ?, ?, ?, 'USER', ?)
Hibernate: 
    select
        next_val as id_val 
    from
        user_seq for update
Hibernate: 
    update
        user_seq 
    set
        next_val= ? 
    where
        next_val=?
Hibernate: 
    insert 
    into
        user
        (active, birthdate, email, name, password, phone_number, username, user_type, id) 
    values
        (?, ?, ?, ?, ?, ?, ?, 'USER', ?)
Hibernate: 
    insert 
    into
        user
        (active, birthdate, email, name, password, phone_number, username, user_type, id) 
    values
        (?, ?, ?, ?, ?, ?, ?, 'USER', ?)
Hibernate: 
    insert 
    into
        user
        (active, birthdate, email, name, password, phone_number, username, user_type, id) 
    values
        (?, ?, ?, ?, ?, ?, ?, 'USER', ?)
Hibernate: 
    insert 
    into
        user
        (active, birthdate, email, name, password, phone_number, username, user_type, id) 
    values
        (?, ?, ?, ?, ?, ?, ?, 'USER', ?)
Hibernate: 
    insert 
    into
        user
        (active, birthdate, email, name, password, phone_number, username, user_type, id) 
    values
        (?, ?, ?, ?, ?, ?, ?, 'USER', ?)
Hibernate: 
    insert 
    into
        user
        (active, birthdate, email, name, password, phone_number, username, user_type, id) 
    values
        (?, ?, ?, ?, ?, ?, ?, 'USER', ?)
Hibernate: 
    insert 
    into
        user
        (active, birthdate, email, name, password, phone_number, username, user_type, id) 
    values
        (?, ?, ?, ?, ?, ?, ?, 'USER', ?)
Hibernate: 
    insert 
    into
        user
        (active, birthdate, email, name, password, phone_number, username, user_type, id) 
    values
        (?, ?, ?, ?, ?, ?, ?, 'USER', ?)
Hibernate: 
    insert 
    into
        user
        (active, birthdate, email, name, password, phone_number, username, user_type, id) 
    values
        (?, ?, ?, ?, ?, ?, ?, 'USER', ?)
Hibernate: 
    select
        next_val as id_val 
    from
        route_seq for update
Hibernate: 
    update
        route_seq 
    set
        next_val= ? 
    where
        next_val=?
Hibernate: 
    select
        next_val as id_val 
    from
        route_seq for update
Hibernate: 
    update
        route_seq 
    set
        next_val= ? 
    where
        next_val=?
Hibernate: 
    select
        next_val as id_val 
    from
        purchase_seq for update
Hibernate: 
    update
        purchase_seq 
    set
        next_val= ? 
    where
        next_val=?
Hibernate: 
    select
        next_val as id_val 
    from
        purchase_seq for update
Hibernate: 
    update
        purchase_seq 
    set
        next_val= ? 
    where
        next_val=?
Hibernate: 
    select
        next_val as id_val 
    from
        item_service_seq for update
Hibernate: 
    update
        item_service_seq 
    set
        next_val= ? 
    where
        next_val=?
Hibernate: 
    select
        next_val as id_val 
    from
        item_service_seq for update
Hibernate: 
    update
        item_service_seq 
    set
        next_val= ? 
    where
        next_val=?
Hibernate: 
    insert 
    into
        user
        (active, birthdate, email, name, password, phone_number, username, expedient, user_type, id) 
    values
        (?, ?, ?, ?, ?, ?, ?, ?, 'DRIVER', ?)
Hibernate: 
    insert 
    into
        user
        (active, birthdate, email, name, password, phone_number, username, expedient, user_type, id) 
    values
        (?, ?, ?, ?, ?, ?, ?, ?, 'DRIVER', ?)
Hibernate: 
    insert 
    into
        user
        (active, birthdate, email, name, password, phone_number, username, expedient, user_type, id) 
    values
        (?, ?, ?, ?, ?, ?, ?, ?, 'DRIVER', ?)
Hibernate: 
    insert 
    into
        user
        (active, birthdate, email, name, password, phone_number, username, expedient, user_type, id) 
    values
        (?, ?, ?, ?, ?, ?, ?, ?, 'DRIVER', ?)
Hibernate: 
    insert 
    into
        user
        (active, birthdate, email, name, password, phone_number, username, education, user_type, id) 
    values
        (?, ?, ?, ?, ?, ?, ?, ?, 'GUIDE', ?)
Hibernate: 
    insert 
    into
        user
        (active, birthdate, email, name, password, phone_number, username, education, user_type, id) 
    values
        (?, ?, ?, ?, ?, ?, ?, ?, 'GUIDE', ?)
Hibernate: 
    insert 
    into
        user
        (active, birthdate, email, name, password, phone_number, username, education, user_type, id) 
    values
        (?, ?, ?, ?, ?, ?, ?, ?, 'GUIDE', ?)
Hibernate: 
    insert 
    into
        user
        (active, birthdate, email, name, password, phone_number, username, education, user_type, id) 
    values
        (?, ?, ?, ?, ?, ?, ?, ?, 'GUIDE', ?)
Hibernate: 
    insert 
    into
        route
        (max_number_users, name, price, total_km, id) 
    values
        (?, ?, ?, ?, ?)
Hibernate: 
    insert 
    into
        route
        (max_number_users, name, price, total_km, id) 
    values
        (?, ?, ?, ?, ?)
Hibernate: 
    insert 
    into
        route
        (max_number_users, name, price, total_km, id) 
    values
        (?, ?, ?, ?, ?)
Hibernate: 
    insert 
    into
        route
        (max_number_users, name, price, total_km, id) 
    values
        (?, ?, ?, ?, ?)
Hibernate: 
    insert 
    into
        route
        (max_number_users, name, price, total_km, id) 
    values
        (?, ?, ?, ?, ?)
Hibernate: 
    insert 
    into
        purchase
        (code, date, review_id, route_id, total_price, user_id, id) 
    values
        (?, ?, ?, ?, ?, ?, ?)
Hibernate: 
    insert 
    into
        purchase
        (code, date, review_id, route_id, total_price, user_id, id) 
    values
        (?, ?, ?, ?, ?, ?, ?)
Hibernate: 
    insert 
    into
        purchase
        (code, date, review_id, route_id, total_price, user_id, id) 
    values
        (?, ?, ?, ?, ?, ?, ?)
Hibernate: 
    insert 
    into
        purchase
        (code, date, review_id, route_id, total_price, user_id, id) 
    values
        (?, ?, ?, ?, ?, ?, ?)
Hibernate: 
    insert 
    into
        purchase
        (code, date, review_id, route_id, total_price, user_id, id) 
    values
        (?, ?, ?, ?, ?, ?, ?)
Hibernate: 
    insert 
    into
        purchase
        (code, date, review_id, route_id, total_price, user_id, id) 
    values
        (?, ?, ?, ?, ?, ?, ?)
Hibernate: 
    insert 
    into
        purchase
        (code, date, review_id, route_id, total_price, user_id, id) 
    values
        (?, ?, ?, ?, ?, ?, ?)
Hibernate: 
    insert 
    into
        purchase
        (code, date, review_id, route_id, total_price, user_id, id) 
    values
        (?, ?, ?, ?, ?, ?, ?)
Hibernate: 
    insert 
    into
        purchase
        (code, date, review_id, route_id, total_price, user_id, id) 
    values
        (?, ?, ?, ?, ?, ?, ?)
Hibernate: 
    insert 
    into
        purchase
        (code, date, review_id, route_id, total_price, user_id, id) 
    values
        (?, ?, ?, ?, ?, ?, ?)
Hibernate: 
    insert 
    into
        purchase
        (code, date, review_id, route_id, total_price, user_id, id) 
    values
        (?, ?, ?, ?, ?, ?, ?)
Hibernate: 
    insert 
    into
        purchase
        (code, date, review_id, route_id, total_price, user_id, id) 
    values
        (?, ?, ?, ?, ?, ?, ?)
Hibernate: 
    insert 
    into
        purchase
        (code, date, review_id, route_id, total_price, user_id, id) 
    values
        (?, ?, ?, ?, ?, ?, ?)
Hibernate: 
    insert 
    into
        purchase
        (code, date, review_id, route_id, total_price, user_id, id) 
    values
        (?, ?, ?, ?, ?, ?, ?)
Hibernate: 
    insert 
    into
        purchase
        (code, date, review_id, route_id, total_price, user_id, id) 
    values
        (?, ?, ?, ?, ?, ?, ?)
Hibernate: 
    insert 
    into
        purchase
        (code, date, review_id, route_id, total_price, user_id, id) 
    values
        (?, ?, ?, ?, ?, ?, ?)
Hibernate: 
    insert 
    into
        purchase
        (code, date, review_id, route_id, total_price, user_id, id) 
    values
        (?, ?, ?, ?, ?, ?, ?)
Hibernate: 
    insert 
    into
        purchase
        (code, date, review_id, route_id, total_price, user_id, id) 
    values
        (?, ?, ?, ?, ?, ?, ?)
Hibernate: 
    insert 
    into
        purchase
        (code, date, review_id, route_id, total_price, user_id, id) 
    values
        (?, ?, ?, ?, ?, ?, ?)
Hibernate: 
    insert 
    into
        purchase
        (code, date, review_id, route_id, total_price, user_id, id) 
    values
        (?, ?, ?, ?, ?, ?, ?)
Hibernate: 
    insert 
    into
        item_service
        (purchase_id, quantity, service_id, id) 
    values
        (?, ?, ?, ?)
Hibernate: 
    insert 
    into
        item_service
        (purchase_id, quantity, service_id, id) 
    values
        (?, ?, ?, ?)
Hibernate: 
    insert 
    into
        item_service
        (purchase_id, quantity, service_id, id) 
    values
        (?, ?, ?, ?)
Hibernate: 
    insert 
    into
        item_service
        (purchase_id, quantity, service_id, id) 
    values
        (?, ?, ?, ?)
Hibernate: 
    insert 
    into
        item_service
        (purchase_id, quantity, service_id, id) 
    values
        (?, ?, ?, ?)
Hibernate: 
    insert 
    into
        item_service
        (purchase_id, quantity, service_id, id) 
    values
        (?, ?, ?, ?)
Hibernate: 
    insert 
    into
        item_service
        (purchase_id, quantity, service_id, id) 
    values
        (?, ?, ?, ?)
Hibernate: 
    insert 
    into
        item_service
        (purchase_id, quantity, service_id, id) 
    values
        (?, ?, ?, ?)
Hibernate: 
    insert 
    into
        item_service
        (purchase_id, quantity, service_id, id) 
    values
        (?, ?, ?, ?)
Hibernate: 
    insert 
    into
        item_service
        (purchase_id, quantity, service_id, id) 
    values
        (?, ?, ?, ?)
Hibernate: 
    insert 
    into
        item_service
        (purchase_id, quantity, service_id, id) 
    values
        (?, ?, ?, ?)
Hibernate: 
    insert 
    into
        item_service
        (purchase_id, quantity, service_id, id) 
    values
        (?, ?, ?, ?)
Hibernate: 
    insert 
    into
        item_service
        (purchase_id, quantity, service_id, id) 
    values
        (?, ?, ?, ?)
Hibernate: 
    insert 
    into
        item_service
        (purchase_id, quantity, service_id, id) 
    values
        (?, ?, ?, ?)
Hibernate: 
    insert 
    into
        item_service
        (purchase_id, quantity, service_id, id) 
    values
        (?, ?, ?, ?)
Hibernate: 
    insert 
    into
        item_service
        (purchase_id, quantity, service_id, id) 
    values
        (?, ?, ?, ?)
Hibernate: 
    insert 
    into
        item_service
        (purchase_id, quantity, service_id, id) 
    values
        (?, ?, ?, ?)
Hibernate: 
    insert 
    into
        item_service
        (purchase_id, quantity, service_id, id) 
    values
        (?, ?, ?, ?)
Hibernate: 
    insert 
    into
        item_service
        (purchase_id, quantity, service_id, id) 
    values
        (?, ?, ?, ?)
Hibernate: 
    insert 
    into
        item_service
        (purchase_id, quantity, service_id, id) 
    values
        (?, ?, ?, ?)
Hibernate: 
    insert 
    into
        item_service
        (purchase_id, quantity, service_id, id) 
    values
        (?, ?, ?, ?)
Hibernate: 
    insert 
    into
        item_service
        (purchase_id, quantity, service_id, id) 
    values
        (?, ?, ?, ?)
Hibernate: 
    insert 
    into
        item_service
        (purchase_id, quantity, service_id, id) 
    values
        (?, ?, ?, ?)
Hibernate: 
    insert 
    into
        item_service
        (purchase_id, quantity, service_id, id) 
    values
        (?, ?, ?, ?)
Hibernate: 
    insert 
    into
        review
        (comment, rating) 
    values
        (?, ?)
Hibernate: 
    insert 
    into
        review
        (comment, rating) 
    values
        (?, ?)
Hibernate: 
    insert 
    into
        review
        (comment, rating) 
    values
        (?, ?)
Hibernate: 
    insert 
    into
        review
        (comment, rating) 
    values
        (?, ?)
Hibernate: 
    insert 
    into
        review
        (comment, rating) 
    values
        (?, ?)
Hibernate: 
    insert 
    into
        review
        (comment, rating) 
    values
        (?, ?)
Hibernate: 
    insert 
    into
        review
        (comment, rating) 
    values
        (?, ?)
Hibernate: 
    insert 
    into
        review
        (comment, rating) 
    values
        (?, ?)
Hibernate: 
    insert 
    into
        review
        (comment, rating) 
    values
        (?, ?)
Hibernate: 
    insert 
    into
        review
        (comment, rating) 
    values
        (?, ?)
Hibernate: 
    insert 
    into
        review
        (comment, rating) 
    values
        (?, ?)
Hibernate: 
    insert 
    into
        review
        (comment, rating) 
    values
        (?, ?)
Hibernate: 
    insert 
    into
        review
        (comment, rating) 
    values
        (?, ?)
Hibernate: 
    insert 
    into
        review
        (comment, rating) 
    values
        (?, ?)
Hibernate: 
    insert 
    into
        review
        (comment, rating) 
    values
        (?, ?)
Hibernate: 
    insert 
    into
        review
        (comment, rating) 
    values
        (?, ?)
Hibernate: 
    update
        purchase 
    set
        code=?,
        date=?,
        review_id=?,
        route_id=?,
        total_price=?,
        user_id=? 
    where
        id=?
Hibernate: 
    update
        purchase 
    set
        code=?,
        date=?,
        review_id=?,
        route_id=?,
        total_price=?,
        user_id=? 
    where
        id=?
Hibernate: 
    update
        purchase 
    set
        code=?,
        date=?,
        review_id=?,
        route_id=?,
        total_price=?,
        user_id=? 
    where
        id=?
Hibernate: 
    update
        purchase 
    set
        code=?,
        date=?,
        review_id=?,
        route_id=?,
        total_price=?,
        user_id=? 
    where
        id=?
Hibernate: 
    update
        purchase 
    set
        code=?,
        date=?,
        review_id=?,
        route_id=?,
        total_price=?,
        user_id=? 
    where
        id=?
Hibernate: 
    update
        purchase 
    set
        code=?,
        date=?,
        review_id=?,
        route_id=?,
        total_price=?,
        user_id=? 
    where
        id=?
Hibernate: 
    update
        purchase 
    set
        code=?,
        date=?,
        review_id=?,
        route_id=?,
        total_price=?,
        user_id=? 
    where
        id=?
Hibernate: 
    update
        purchase 
    set
        code=?,
        date=?,
        review_id=?,
        route_id=?,
        total_price=?,
        user_id=? 
    where
        id=?
Hibernate: 
    update
        purchase 
    set
        code=?,
        date=?,
        review_id=?,
        route_id=?,
        total_price=?,
        user_id=? 
    where
        id=?
Hibernate: 
    update
        purchase 
    set
        code=?,
        date=?,
        review_id=?,
        route_id=?,
        total_price=?,
        user_id=? 
    where
        id=?
Hibernate: 
    update
        purchase 
    set
        code=?,
        date=?,
        review_id=?,
        route_id=?,
        total_price=?,
        user_id=? 
    where
        id=?
Hibernate: 
    update
        purchase 
    set
        code=?,
        date=?,
        review_id=?,
        route_id=?,
        total_price=?,
        user_id=? 
    where
        id=?
Hibernate: 
    update
        purchase 
    set
        code=?,
        date=?,
        review_id=?,
        route_id=?,
        total_price=?,
        user_id=? 
    where
        id=?
Hibernate: 
    update
        purchase 
    set
        code=?,
        date=?,
        review_id=?,
        route_id=?,
        total_price=?,
        user_id=? 
    where
        id=?
Hibernate: 
    update
        purchase 
    set
        code=?,
        date=?,
        review_id=?,
        route_id=?,
        total_price=?,
        user_id=? 
    where
        id=?
Hibernate: 
    update
        purchase 
    set
        code=?,
        date=?,
        review_id=?,
        route_id=?,
        total_price=?,
        user_id=? 
    where
        id=?
Hibernate: 
    update
        purchase 
    set
        code=?,
        date=?,
        review_id=?,
        route_id=?,
        total_price=?,
        user_id=? 
    where
        id=?
Hibernate: 
    update
        purchase 
    set
        code=?,
        date=?,
        review_id=?,
        route_id=?,
        total_price=?,
        user_id=? 
    where
        id=?
Hibernate: 
    update
        purchase 
    set
        code=?,
        date=?,
        review_id=?,
        route_id=?,
        total_price=?,
        user_id=? 
    where
        id=?
Hibernate: 
    update
        purchase 
    set
        code=?,
        date=?,
        review_id=?,
        route_id=?,
        total_price=?,
        user_id=? 
    where
        id=?
Hibernate: 
    insert 
    into
        route_driver
        (route_id, driver_id) 
    values
        (?, ?)
Hibernate: 
    insert 
    into
        route_driver
        (route_id, driver_id) 
    values
        (?, ?)
Hibernate: 
    insert 
    into
        route_stops
        (route_id, stop_id) 
    values
        (?, ?)
Hibernate: 
    insert 
    into
        route_stops
        (route_id, stop_id) 
    values
        (?, ?)
Hibernate: 
    insert 
    into
        route_stops
        (route_id, stop_id) 
    values
        (?, ?)
Hibernate: 
    insert 
    into
        route_stops
        (route_id, stop_id) 
    values
        (?, ?)
Hibernate: 
    insert 
    into
        route_stops
        (route_id, stop_id) 
    values
        (?, ?)
Hibernate: 
    insert 
    into
        route_stops
        (route_id, stop_id) 
    values
        (?, ?)
Hibernate: 
    insert 
    into
        route_stops
        (route_id, stop_id) 
    values
        (?, ?)
Hibernate: 
    insert 
    into
        route_stops
        (route_id, stop_id) 
    values
        (?, ?)
Hibernate: 
    insert 
    into
        route_stops
        (route_id, stop_id) 
    values
        (?, ?)
Hibernate: 
    insert 
    into
        route_guide
        (route_id, guide_id) 
    values
        (?, ?)
Hibernate: 
    insert 
    into
        route_driver
        (route_id, driver_id) 
    values
        (?, ?)
Hibernate: 
    insert 
    into
        route_driver
        (route_id, driver_id) 
    values
        (?, ?)
Hibernate: 
    insert 
    into
        route_driver
        (route_id, driver_id) 
    values
        (?, ?)
Hibernate: 
    insert 
    into
        route_stops
        (route_id, stop_id) 
    values
        (?, ?)
Hibernate: 
    insert 
    into
        route_stops
        (route_id, stop_id) 
    values
        (?, ?)
Hibernate: 
    insert 
    into
        route_stops
        (route_id, stop_id) 
    values
        (?, ?)
Hibernate: 
    insert 
    into
        route_stops
        (route_id, stop_id) 
    values
        (?, ?)
Hibernate: 
    insert 
    into
        route_stops
        (route_id, stop_id) 
    values
        (?, ?)
Hibernate: 
    insert 
    into
        route_stops
        (route_id, stop_id) 
    values
        (?, ?)
Hibernate: 
    insert 
    into
        route_guide
        (route_id, guide_id) 
    values
        (?, ?)
Hibernate: 
    insert 
    into
        route_guide
        (route_id, guide_id) 
    values
        (?, ?)
Hibernate: 
    insert 
    into
        route_driver
        (route_id, driver_id) 
    values
        (?, ?)
Hibernate: 
    insert 
    into
        route_stops
        (route_id, stop_id) 
    values
        (?, ?)
Hibernate: 
    insert 
    into
        route_stops
        (route_id, stop_id) 
    values
        (?, ?)
Hibernate: 
    insert 
    into
        route_stops
        (route_id, stop_id) 
    values
        (?, ?)
Hibernate: 
    insert 
    into
        route_stops
        (route_id, stop_id) 
    values
        (?, ?)
Hibernate: 
    insert 
    into
        route_stops
        (route_id, stop_id) 
    values
        (?, ?)
Hibernate: 
    insert 
    into
        route_stops
        (route_id, stop_id) 
    values
        (?, ?)
Hibernate: 
    insert 
    into
        route_guide
        (route_id, guide_id) 
    values
        (?, ?)
Hibernate: 
    insert 
    into
        route_driver
        (route_id, driver_id) 
    values
        (?, ?)
Hibernate: 
    insert 
    into
        route_stops
        (route_id, stop_id) 
    values
        (?, ?)
Hibernate: 
    insert 
    into
        route_stops
        (route_id, stop_id) 
    values
        (?, ?)
Hibernate: 
    insert 
    into
        route_stops
        (route_id, stop_id) 
    values
        (?, ?)
Hibernate: 
    insert 
    into
        route_guide
        (route_id, guide_id) 
    values
        (?, ?)
Hibernate: 
    insert 
    into
        route_guide
        (route_id, guide_id) 
    values
        (?, ?)
Hibernate: 
    insert 
    into
        route_stops
        (route_id, stop_id) 
    values
        (?, ?)
Hibernate: 
    insert 
    into
        route_stops
        (route_id, stop_id) 
    values
        (?, ?)
Hibernate: 
    select
        p1_0.id,
        p1_0.code,
        p1_0.date,
        p1_0.review_id,
        p1_0.route_id,
        p1_0.total_price,
        p1_0.user_id 
    from
        purchase p1_0 
    join
        user u1_0 
            on u1_0.id=p1_0.user_id 
            and (u1_0.active = 1) 
    where
        u1_0.username=? 
    limit
        ?, ?
Hibernate: 
    select
        r1_0.id,
        r1_0.comment,
        p1_0.id,
        p1_0.code,
        p1_0.date,
        p1_0.route_id,
        r2_0.id,
        r2_0.max_number_users,
        r2_0.name,
        r2_0.price,
        r2_0.total_km,
        p1_0.total_price,
        p1_0.user_id,
        u1_0.id,
        u1_0.user_type,
        u1_0.active,
        u1_0.birthdate,
        u1_0.email,
        u1_0.name,
        u1_0.password,
        u1_0.phone_number,
        u1_0.username,
        u1_0.expedient,
        u1_0.education,
        r1_0.rating 
    from
        review r1_0 
    left join
        purchase p1_0 
            on r1_0.id=p1_0.review_id 
    left join
        route r2_0 
            on r2_0.id=p1_0.route_id 
    left join
        user u1_0 
            on u1_0.id=p1_0.user_id 
            and (u1_0.active = 1) 
    where
        r1_0.id=?
Hibernate: 
    select
        r1_0.id,
        r1_0.comment,
        p1_0.id,
        p1_0.code,
        p1_0.date,
        p1_0.route_id,
        r2_0.id,
        r2_0.max_number_users,
        r2_0.name,
        r2_0.price,
        r2_0.total_km,
        p1_0.total_price,
        p1_0.user_id,
        u1_0.id,
        u1_0.user_type,
        u1_0.active,
        u1_0.birthdate,
        u1_0.email,
        u1_0.name,
        u1_0.password,
        u1_0.phone_number,
        u1_0.username,
        u1_0.expedient,
        u1_0.education,
        r1_0.rating 
    from
        review r1_0 
    left join
        purchase p1_0 
            on r1_0.id=p1_0.review_id 
    left join
        route r2_0 
            on r2_0.id=p1_0.route_id 
    left join
        user u1_0 
            on u1_0.id=p1_0.user_id 
            and (u1_0.active = 1) 
    where
        r1_0.id=?
Hibernate: 
    select
        r1_0.id,
        r1_0.comment,
        p1_0.id,
        p1_0.code,
        p1_0.date,
        p1_0.route_id,
        r2_0.id,
        r2_0.max_number_users,
        r2_0.name,
        r2_0.price,
        r2_0.total_km,
        p1_0.total_price,
        p1_0.user_id,
        u1_0.id,
        u1_0.user_type,
        u1_0.active,
        u1_0.birthdate,
        u1_0.email,
        u1_0.name,
        u1_0.password,
        u1_0.phone_number,
        u1_0.username,
        u1_0.expedient,
        u1_0.education,
        r1_0.rating 
    from
        review r1_0 
    left join
        purchase p1_0 
            on r1_0.id=p1_0.review_id 
    left join
        route r2_0 
            on r2_0.id=p1_0.route_id 
    left join
        user u1_0 
            on u1_0.id=p1_0.user_id 
            and (u1_0.active = 1) 
    where
        r1_0.id=?
Hibernate: 
    select
        r1_0.id,
        r1_0.comment,
        p1_0.id,
        p1_0.code,
        p1_0.date,
        p1_0.route_id,
        r2_0.id,
        r2_0.max_number_users,
        r2_0.name,
        r2_0.price,
        r2_0.total_km,
        p1_0.total_price,
        p1_0.user_id,
        u1_0.id,
        u1_0.user_type,
        u1_0.active,
        u1_0.birthdate,
        u1_0.email,
        u1_0.name,
        u1_0.password,
        u1_0.phone_number,
        u1_0.username,
        u1_0.expedient,
        u1_0.education,
        r1_0.rating 
    from
        review r1_0 
    left join
        purchase p1_0 
            on r1_0.id=p1_0.review_id 
    left join
        route r2_0 
            on r2_0.id=p1_0.route_id 
    left join
        user u1_0 
            on u1_0.id=p1_0.user_id 
            and (u1_0.active = 1) 
    where
        r1_0.id=?
Hibernate: 
    select
        p1_0.id,
        p1_0.code,
        p1_0.date,
        p1_0.review_id,
        p1_0.route_id,
        p1_0.total_price,
        p1_0.user_id 
    from
        purchase p1_0 
    join
        user u1_0 
            on u1_0.id=p1_0.user_id 
            and (u1_0.active = 1) 
    where
        u1_0.username=? 
    limit
        ?, ?
Hibernate: 
    select
        r1_0.id,
        r1_0.comment,
        p1_0.id,
        p1_0.code,
        p1_0.date,
        p1_0.route_id,
        r2_0.id,
        r2_0.max_number_users,
        r2_0.name,
        r2_0.price,
        r2_0.total_km,
        p1_0.total_price,
        p1_0.user_id,
        u1_0.id,
        u1_0.user_type,
        u1_0.active,
        u1_0.birthdate,
        u1_0.email,
        u1_0.name,
        u1_0.password,
        u1_0.phone_number,
        u1_0.username,
        u1_0.expedient,
        u1_0.education,
        r1_0.rating 
    from
        review r1_0 
    left join
        purchase p1_0 
            on r1_0.id=p1_0.review_id 
    left join
        route r2_0 
            on r2_0.id=p1_0.route_id 
    left join
        user u1_0 
            on u1_0.id=p1_0.user_id 
            and (u1_0.active = 1) 
    where
        r1_0.id=?
Hibernate: 
    select
        p1_0.id,
        p1_0.code,
        p1_0.date,
        p1_0.review_id,
        p1_0.route_id,
        p1_0.total_price,
        p1_0.user_id 
    from
        purchase p1_0 
    join
        user u1_0 
            on u1_0.id=p1_0.user_id 
            and (u1_0.active = 1) 
    where
        u1_0.username=? 
    limit
        ?, ?
]]></system-out>
  </testcase>
  <testcase name="getRoutesWithStopTest" classname="unlp.info.bd2.ToursQuerysTests" time="0.028">
    <system-out><![CDATA[Hibernate: 
    select
        s1_0.id,
        s1_0.description,
        s1_0.name 
    from
        stop s1_0 
    where
        s1_0.name like ? escape '\\' 
    limit
        ?, ?
Hibernate: 
    select
        s1_0.id,
        s1_0.description,
        s1_0.name 
    from
        stop s1_0 
    where
        s1_0.name like ? escape '\\' 
    limit
        ?, ?
Hibernate: 
    select
        s1_0.id,
        s1_0.description,
        s1_0.name 
    from
        stop s1_0 
    where
        s1_0.name like ? escape '\\' 
    limit
        ?, ?
Hibernate: 
    select
        r1_0.id,
        r1_0.max_number_users,
        r1_0.name,
        r1_0.price,
        r1_0.total_km 
    from
        route r1_0 
    left join
        route_stops s1_0 
            on r1_0.id=s1_0.route_id 
    where
        s1_0.stop_id=? 
    limit
        ?, ?
Hibernate: 
    select
        r1_0.id,
        r1_0.max_number_users,
        r1_0.name,
        r1_0.price,
        r1_0.total_km 
    from
        route r1_0 
    left join
        route_stops s1_0 
            on r1_0.id=s1_0.route_id 
    where
        s1_0.stop_id=? 
    limit
        ?, ?
Hibernate: 
    select
        r1_0.id,
        r1_0.max_number_users,
        r1_0.name,
        r1_0.price,
        r1_0.total_km 
    from
        route r1_0 
    left join
        route_stops s1_0 
            on r1_0.id=s1_0.route_id 
    where
        s1_0.stop_id=? 
    limit
        ?, ?
]]></system-out>
  </testcase>
  <testcase name="getMaxStopOfRoutesTest" classname="unlp.info.bd2.ToursQuerysTests" time="0.011">
    <system-out><![CDATA[Hibernate: 
    select
        max((select
            count(1) 
        from
            route_stops s1_0 
        where
            r1_0.id=s1_0.route_id)) 
    from
        route r1_0
]]></system-out>
  </testcase>
  <testcase name="getTopNSuppliersInPurchasesTest" classname="unlp.info.bd2.ToursQuerysTests" time="0.016">
    <system-out><![CDATA[Hibernate: 
    select
        s2_0.id,
        s2_0.authorization_number,
        s2_0.business_name 
    from
        service s1_0 
    join
        item_service isl1_0 
            on s1_0.id=isl1_0.service_id 
    join
        supplier s2_0 
            on s2_0.id=s1_0.supplier_id 
    group by
        s2_0.id 
    order by
        count(isl1_0.purchase_id) desc 
    limit
        ?, ?
Hibernate: 
    select
        s2_0.id,
        s2_0.authorization_number,
        s2_0.business_name 
    from
        service s1_0 
    join
        item_service isl1_0 
            on s1_0.id=isl1_0.service_id 
    join
        supplier s2_0 
            on s2_0.id=s1_0.supplier_id 
    group by
        s2_0.id 
    order by
        count(isl1_0.purchase_id) desc 
    limit
        ?, ?
]]></system-out>
  </testcase>
  <testcase name="getRoutesNotSellTest" classname="unlp.info.bd2.ToursQuerysTests" time="0.012">
    <system-out><![CDATA[Hibernate: 
    select
        r1_0.id,
        r1_0.max_number_users,
        r1_0.name,
        r1_0.price,
        r1_0.total_km 
    from
        route r1_0 
    where
        not exists(select
            p1_0.id 
        from
            purchase p1_0 
        where
            p1_0.route_id=r1_0.id) 
    limit
        ?, ?
]]></system-out>
  </testcase>
  <testcase name="init" classname="unlp.info.bd2.ToursQuerysTests" time="0.004"/>
  <testcase name="getUserSpendingMoreThanTest" classname="unlp.info.bd2.ToursQuerysTests" time="0.02">
    <system-out><![CDATA[Hibernate: 
    select
        distinct u1_0.id,
        u1_0.user_type,
        u1_0.active,
        u1_0.birthdate,
        u1_0.email,
        u1_0.name,
        u1_0.password,
        u1_0.phone_number,
        u1_0.username,
        u1_0.expedient,
        u1_0.education 
    from
        purchase p1_0 
    join
        user u1_0 
            on u1_0.id=p1_0.user_id 
            and (u1_0.active = 1) 
    where
        p1_0.total_price>=? 
    limit
        ?, ?
Hibernate: 
    select
        distinct u1_0.id,
        u1_0.user_type,
        u1_0.active,
        u1_0.birthdate,
        u1_0.email,
        u1_0.name,
        u1_0.password,
        u1_0.phone_number,
        u1_0.username,
        u1_0.expedient,
        u1_0.education 
    from
        purchase p1_0 
    join
        user u1_0 
            on u1_0.id=p1_0.user_id 
            and (u1_0.active = 1) 
    where
        p1_0.total_price>=? 
    limit
        ?, ?
Hibernate: 
    select
        distinct u1_0.id,
        u1_0.user_type,
        u1_0.active,
        u1_0.birthdate,
        u1_0.email,
        u1_0.name,
        u1_0.password,
        u1_0.phone_number,
        u1_0.username,
        u1_0.expedient,
        u1_0.education 
    from
        purchase p1_0 
    join
        user u1_0 
            on u1_0.id=p1_0.user_id 
            and (u1_0.active = 1) 
    where
        p1_0.total_price>=? 
    limit
        ?, ?
]]></system-out>
  </testcase>
  <testcase name="getMostDemandedServiceTest" classname="unlp.info.bd2.ToursQuerysTests" time="0.011">
    <system-out><![CDATA[Hibernate: 
    select
        s1_0.id,
        s1_0.description,
        s1_0.name,
        s1_0.price,
        s1_0.supplier_id 
    from
        item_service is1_0 
    join
        service s1_0 
            on s1_0.id=is1_0.service_id 
    group by
        s1_0.id 
    order by
        sum(is1_0.quantity) desc 
    limit
        1
Hibernate: 
    select
        s1_0.id,
        s1_0.authorization_number,
        s1_0.business_name 
    from
        supplier s1_0 
    where
        s1_0.id=?
]]></system-out>
  </testcase>
  <testcase name="getTourGuidesWithRating1Test" classname="unlp.info.bd2.ToursQuerysTests" time="0.014">
    <system-out><![CDATA[Hibernate: 
    select
        distinct tgl1_1.id,
        tgl1_1.active,
        tgl1_1.birthdate,
        tgl1_1.email,
        tgl1_1.name,
        tgl1_1.password,
        tgl1_1.phone_number,
        tgl1_1.username,
        tgl1_1.education 
    from
        purchase p1_0 
    join
        route r1_0 
            on r1_0.id=p1_0.route_id 
    join
        route_guide tgl1_0 
            on r1_0.id=tgl1_0.route_id 
    join
        (select
            * 
        from
            user t 
        where
            t.user_type='GUIDE') tgl1_1 
            on tgl1_1.id=tgl1_0.guide_id 
    join
        review r2_0 
            on r2_0.id=p1_0.review_id 
    where
        r2_0.rating=1 
    limit
        ?, ?
]]></system-out>
  </testcase>
  <testcase name="getTop3RoutesWithMaxRatingTest" classname="unlp.info.bd2.ToursQuerysTests" time="0.011">
    <system-out><![CDATA[Hibernate: 
    select
        r1_0.id,
        r1_0.max_number_users,
        r1_0.name,
        r1_0.price,
        r1_0.total_km 
    from
        purchase p1_0 
    join
        route r1_0 
            on r1_0.id=p1_0.route_id 
    join
        review r2_0 
            on r2_0.id=p1_0.review_id 
    group by
        r1_0.id 
    order by
        max(r2_0.rating) desc 
    limit
        3
]]></system-out>
  </testcase>
  <testcase name="getCountOfPurchasesBetweenDatesTest" classname="unlp.info.bd2.ToursQuerysTests" time="0.017">
    <system-out><![CDATA[Hibernate: 
    select
        count(p1_0.id) 
    from
        purchase p1_0 
    where
        p1_0.date between ? and ?
Hibernate: 
    select
        count(p1_0.id) 
    from
        purchase p1_0 
    where
        p1_0.date between ? and ?
Hibernate: 
    select
        count(p1_0.id) 
    from
        purchase p1_0 
    where
        p1_0.date between ? and ?
]]></system-out>
  </testcase>
</testsuite>